This is pdfTeX, Version 3.14159265-2.6-1.40.17 (TeX Live 2016) (preloaded format=mptopdf 2016.10.4)  7 DEC 2016 12:21
 restricted \write18 enabled.
 %&-line parsing enabled.
**\relax METAPOST_1.1
 (./METAPOST_1.1{/usr/local/texlive/2016/texmf-var/fonts/map/pdftex/updmap/pdft
ex.map}) [1] 
Here is how much of TeX's memory you used:
 115 strings out of 496709
 859 string characters out of 6200996
 4017936 words of memory out of 9003143
 1766 multiletter control sequences out of 15000+600000
 1550 words of font info for 5 fonts, out of 8000000 for 9000
 0 hyphenation exceptions out of 8191
 10i,3n,7p,114b,311s stack positions out of 5000i,500n,10000p,200000b,80000s
</usr/local/texlive/2016/texmf-dist/fonts/type1/public/amsfonts/cm/
cmex10.pfb></usr/local/texlive/2016/texmf-dist/fonts/type1/public/amsfonts/cm/c
mmi10.pfb></usr/local/texlive/2016/texmf-dist/fonts/type1/public/amsfonts/cm/cm
mi7.pfb></usr/local/texlive/2016/texmf-dist/fonts/type1/public/amsfonts/cm/cmr1
0.pfb></usr/local/texlive/2016/texmf-dist/fonts/type1/public/amsfonts/cm/cmr7.p
fb>
Output written on METAPOST_1.pdf (1 page, 46131 bytes).
PDF statistics:
 28 PDF objects out of 1000 (max. 8388607)
 0 named destinations out of 1000 (max. 500000)
 7 words of extra memory for PDF output out of 10000 (max. 10000000)

